.....................N...
.....................N.N.
.....................NN..
..................NNNNNNN
...........NNNNNNNNNNN...
........NNNN.NNN....NN...
......NNN.NNN.....NNNN...
....NNN.NNN......NNNNN...
...NNN.NN......NNN..NN...
...NN.NN......NNN...NN...
..NN.NN......NNN...NNN...
..NNNN......NNN....NNN...
..NNNN......NN.....NNN...
..NNN......NNN....NNNN...
..NNN.....NNN....NNNNN...
...NN.....NN....NNN.NN...
...NN....NNN..NNNNN.NN...
....NN..NNNNNNNNNN.NN....
....NNN.NNNNNNNN..NNN....
....NNNNNN.......NNN.....
...NNNNNNNN...NNNNN......
...NNNNNNNNNNNNNNN.......
.....N.....NNNNN.........
.........................