floor 1 room 1
floor 1 room 2
floor 1 room 3
floor 1 room 4
floor 1 room 5
floor 1 room 6
floor 1 room 7
floor 1 room 8
floor 1 room 9
floor 1 room 10
floor 2 room 1
floor 2 room 2
floor 2 room 3
floor 2 room 4
floor 2 room 5
floor 2 room 6
floor 2 room 7
floor 2 room 8
floor 2 room 9
floor 2 room 10
floor 3 room 1
floor 3 room 2
floor 3 room 3
floor 3 room 4
floor 3 room 5
floor 3 room 6
floor 3 room 7
floor 3 room 8
floor 3 room 9
floor 3 room 10
floor 4 room 1
floor 4 room 2
floor 4 room 3
floor 4 room 4
floor 4 room 5
floor 4 room 6
floor 4 room 7
floor 4 room 8
floor 4 room 9
floor 4 room 10
floor 5 room 1
floor 5 room 2
floor 5 room 3
floor 5 room 4
floor 5 room 5
floor 5 room 6
floor 5 room 7
floor 5 room 8
floor 5 room 9
floor 5 room 10
floor 6 room 1
floor 6 room 2
floor 6 room 3
floor 6 room 4
floor 6 room 5
floor 6 room 6
floor 6 room 7
floor 6 room 8
floor 6 room 9
floor 6 room 10
floor 7 room 1
floor 7 room 2
floor 7 room 3
floor 7 room 4
floor 7 room 5
floor 7 room 6
floor 7 room 7
floor 7 room 8
floor 7 room 9
floor 7 room 10
floor 8 room 1
floor 8 room 2
floor 8 room 3
floor 8 room 4
floor 8 room 5
floor 8 room 6
floor 8 room 7
floor 8 room 8
floor 8 room 9
floor 8 room 10

floor 1 room 1
floor 1 room 2
floor 1 room 3
floor 1 room 4
floor 1 room 5
floor 1 room 6
floor 2 room 1
floor 2 room 2
floor 2 room 3
floor 2 room 4
floor 2 room 5
floor 2 room 6
floor 3 room 1
floor 3 room 2
floor 3 room 3
floor 3 room 4
floor 3 room 5
floor 3 room 6
floor 4 room 1
floor 4 room 2
floor 4 room 3
floor 4 room 4
floor 4 room 5
floor 4 room 6
floor 5 room 1
floor 5 room 2
floor 5 room 3
floor 5 room 4
floor 5 room 5
floor 5 room 6
floor 6 room 1
floor 6 room 2
floor 6 room 3
floor 6 room 4
floor 6 room 5
floor 6 room 6
floor 7 room 1
floor 7 room 2
floor 7 room 3
floor 7 room 4
floor 7 room 5
floor 7 room 6

floor 1 room 1
floor 1 room 2
floor 1 room 3
floor 1 room 4
floor 1 room 5
floor 1 room 6
floor 1 room 7
floor 2 room 1
floor 2 room 2
floor 2 room 3
floor 2 room 4
floor 2 room 5
floor 2 room 6
floor 2 room 7
floor 3 room 1
floor 3 room 2
floor 3 room 3
floor 3 room 4
floor 3 room 5
floor 3 room 6
floor 3 room 7
floor 4 room 1
floor 4 room 2
floor 4 room 3
floor 4 room 4
floor 4 room 5
floor 4 room 6
floor 4 room 7
floor 5 room 1
floor 5 room 2
floor 5 room 3
floor 5 room 4
floor 5 room 5
floor 5 room 6
floor 5 room 7
floor 6 room 1
floor 6 room 2
floor 6 room 3
floor 6 room 4
floor 6 room 5
floor 6 room 6
floor 6 room 7
floor 7 room 1
floor 7 room 2
floor 7 room 3
floor 7 room 4
floor 7 room 5
floor 7 room 6
floor 7 room 7

floor 1 room 1
floor 1 room 2
floor 1 room 3
floor 1 room 4
floor 1 room 5
floor 1 room 6
floor 1 room 7
floor 1 room 8
floor 1 room 9
floor 2 room 1
floor 2 room 2
floor 2 room 3
floor 2 room 4
floor 2 room 5
floor 2 room 6
floor 2 room 7
floor 2 room 8
floor 2 room 9
floor 3 room 1
floor 3 room 2
floor 3 room 3
floor 3 room 4
floor 3 room 5
floor 3 room 6
floor 3 room 7
floor 3 room 8
floor 3 room 9
floor 4 room 1
floor 4 room 2
floor 4 room 3
floor 4 room 4
floor 4 room 5
floor 4 room 6
floor 4 room 7
floor 4 room 8
floor 4 room 9
floor 5 room 1
floor 5 room 2
floor 5 room 3
floor 5 room 4
floor 5 room 5
floor 5 room 6
floor 5 room 7
floor 5 room 8
floor 5 room 9
floor 6 room 1
floor 6 room 2
floor 6 room 3
floor 6 room 4
floor 6 room 5
floor 6 room 6
floor 6 room 7
floor 6 room 8
floor 6 room 9

floor 1 room 1
floor 1 room 2
floor 1 room 3
floor 1 room 4
floor 1 room 5
floor 1 room 6
floor 2 room 1
floor 2 room 2
floor 2 room 3
floor 2 room 4
floor 2 room 5
floor 2 room 6
floor 3 room 1
floor 3 room 2
floor 3 room 3
floor 3 room 4
floor 3 room 5
floor 3 room 6

floor 1 room 1
floor 1 room 2
floor 1 room 3
floor 1 room 4
floor 2 room 1
floor 2 room 2
floor 2 room 3
floor 2 room 4
floor 3 room 1
floor 3 room 2
floor 3 room 3
floor 3 room 4
floor 4 room 1
floor 4 room 2
floor 4 room 3
floor 4 room 4
floor 5 room 1
floor 5 room 2
floor 5 room 3
floor 5 room 4
floor 6 room 1
floor 6 room 2
floor 6 room 3
floor 6 room 4
floor 7 room 1
floor 7 room 2
floor 7 room 3
floor 7 room 4
floor 8 room 1
floor 8 room 2
floor 8 room 3
floor 8 room 4
floor 9 room 1
floor 9 room 2
floor 9 room 3
floor 9 room 4
floor 10 room 1
floor 10 room 2
floor 10 room 3
floor 10 room 4

floor 1 room 1
floor 2 room 1
floor 3 room 1
floor 4 room 1
floor 5 room 1
floor 6 room 1
floor 7 room 1
floor 8 room 1

floor 1 room 1
floor 1 room 2
floor 1 room 3
floor 1 room 4
floor 1 room 5
floor 1 room 6
floor 1 room 7
floor 2 room 1
floor 2 room 2
floor 2 room 3
floor 2 room 4
floor 2 room 5
floor 2 room 6
floor 2 room 7
floor 3 room 1
floor 3 room 2
floor 3 room 3
floor 3 room 4
floor 3 room 5
floor 3 room 6
floor 3 room 7
floor 4 room 1
floor 4 room 2
floor 4 room 3
floor 4 room 4
floor 4 room 5
floor 4 room 6
floor 4 room 7

floor 1 room 1
floor 1 room 2
floor 1 room 3
floor 1 room 4
floor 1 room 5
floor 2 room 1
floor 2 room 2
floor 2 room 3
floor 2 room 4
floor 2 room 5

floor 1 room 1
floor 1 room 2
floor 1 room 3
floor 1 room 4
floor 1 room 5
floor 1 room 6
floor 1 room 7
floor 1 room 8
floor 1 room 9
floor 2 room 1
floor 2 room 2
floor 2 room 3
floor 2 room 4
floor 2 room 5
floor 2 room 6
floor 2 room 7
floor 2 room 8
floor 2 room 9
floor 3 room 1
floor 3 room 2
floor 3 room 3
floor 3 room 4
floor 3 room 5
floor 3 room 6
floor 3 room 7
floor 3 room 8
floor 3 room 9

