1
Marv
3
Marv
5
Marv
Harry
Marv
9
Marv
11
Marv
13
MarvHarry
15
Marv
17
Marv
19

1
MarvHarry
3
MarvHarry
5
MarvHarry
7
MarvHarry
9
MarvHarry
11
MarvHarry
13
MarvHarry
15
MarvHarry
17

1
2
3
MarvHarry
5
6
7
MarvHarry
9
10
11
MarvHarry
13
14
15
MarvHarry
17
18
19
MarvHarry
21
22
23

MarvHarry
MarvHarry
MarvHarry
MarvHarry
MarvHarry
MarvHarry
MarvHarry
MarvHarry
MarvHarry
MarvHarry
MarvHarry

Marv

Marv
Marv
Marv
Marv
Marv
Marv
Marv
Marv
Marv
MarvHarry
Marv

1
2
3
4
Marv
6
Harry
8
9
Marv
11
12
13
Harry

1
2
3
4
5
6
Harry
Marv
9
10
11
12

1
2
3
4
Marv
6
7
8
9
MarvHarry
11
12
13
14
Marv
16
17
18
19
MarvHarry
21
22
23
24
Marv

1
2
3
Harry
5
Marv
7

